{
  "RSpec": {
    "coverage": {
      "/Users/hbranciforte/horacio/parking_mobile/webserver/spec/controllers/devices_controller_spec.rb": [
        1,
        null,
        1,
        1,
        1,
        1,
        1,
        1,
        null,
        null,
        1,
        1,
        1,
        1,
        1,
        null,
        null,
        1,
        1,
        1,
        1,
        1,
        null,
        null,
        null,
        1,
        1,
        1,
        1,
        1,
        null,
        null,
        null,
        1,
        1,
        1,
        null,
        null,
        null,
        1,
        1,
        1,
        1,
        1,
        null,
        null,
        1,
        1,
        1,
        1,
        1,
        null,
        null,
        1,
        1,
        1,
        null,
        null,
        null,
        1,
        1,
        1,
        1,
        null,
        null,
        1,
        1,
        1,
        null,
        null,
        null,
        null
      ],
      "/Users/hbranciforte/horacio/parking_mobile/webserver/spec/rails_helper.rb": [
        null,
        1,
        1,
        1,
        1,
        null,
        null,
        null,
        null,
        null,
        null,
        null,
        null,
        null,
        null,
        null,
        null,
        null,
        null,
        null,
        null,
        null,
        null,
        null,
        1,
        null,
        1,
        null,
        1,
        null,
        null,
        null,
        null,
        1,
        null,
        null,
        null,
        null,
        null,
        null,
        null,
        null,
        null,
        null,
        null,
        null,
        null,
        null,
        1,
        1,
        null
      ],
      "/Users/hbranciforte/horacio/parking_mobile/webserver/config/environment.rb": [
        null,
        1,
        null,
        null,
        null,
        null,
        1
      ],
      "/Users/hbranciforte/horacio/parking_mobile/webserver/config/application.rb": [
        1,
        null,
        1,
        null,
        null,
        null,
        1,
        null,
        1,
        1,
        null,
        null,
        null,
        null,
        null,
        null,
        null,
        null,
        null,
        null,
        null,
        null,
        null,
        1,
        null,
        null
      ],
      "/Users/hbranciforte/horacio/parking_mobile/webserver/config/boot.rb": [
        1,
        null,
        1
      ],
      "/Users/hbranciforte/horacio/parking_mobile/webserver/config/environments/test.rb": [
        1,
        null,
        null,
        null,
        null,
        null,
        null,
        1,
        null,
        null,
        null,
        null,
        1,
        null,
        null,
        1,
        1,
        null,
        null,
        1,
        1,
        null,
        null,
        1,
        null,
        null,
        1,
        null,
        null,
        null,
        null,
        1,
        null,
        null,
        1,
        null,
        null,
        1,
        null,
        null,
        null,
        null
      ],
      "/Users/hbranciforte/horacio/parking_mobile/webserver/config/initializers/assets.rb": [
        null,
        null,
        null,
        1,
        null,
        null,
        null,
        null,
        null,
        null,
        null
      ],
      "/Users/hbranciforte/horacio/parking_mobile/webserver/config/initializers/backtrace_silencers.rb": [
        null,
        null,
        null,
        null,
        null,
        null,
        null
      ],
      "/Users/hbranciforte/horacio/parking_mobile/webserver/config/initializers/config.rb": [
        1,
        1
      ],
      "/Users/hbranciforte/horacio/parking_mobile/webserver/config/initializers/cookies_serializer.rb": [
        null,
        null,
        1
      ],
      "/Users/hbranciforte/horacio/parking_mobile/webserver/config/initializers/filter_parameter_logging.rb": [
        null,
        null,
        null,
        1
      ],
      "/Users/hbranciforte/horacio/parking_mobile/webserver/config/initializers/inflections.rb": [
        null,
        null,
        null,
        null,
        null,
        null,
        null,
        null,
        null,
        null,
        null,
        null,
        null,
        null,
        null,
        null
      ],
      "/Users/hbranciforte/horacio/parking_mobile/webserver/config/initializers/mime_types.rb": [
        null,
        null,
        null,
        null
      ],
      "/Users/hbranciforte/horacio/parking_mobile/webserver/config/initializers/session_store.rb": [
        null,
        null,
        1
      ],
      "/Users/hbranciforte/horacio/parking_mobile/webserver/config/initializers/wrap_parameters.rb": [
        null,
        null,
        null,
        null,
        null,
        null,
        1,
        1,
        null,
        null,
        null,
        null,
        null,
        null
      ],
      "/Users/hbranciforte/horacio/parking_mobile/webserver/spec/factories/cars.rb": [
        null,
        null,
        null,
        null,
        null,
        null,
        null,
        null,
        null,
        null,
        1,
        1,
        1,
        null,
        null,
        1,
        1,
        null,
        null,
        1,
        1,
        null,
        null,
        null
      ],
      "/Users/hbranciforte/horacio/parking_mobile/webserver/app/models/car.rb": [
        null,
        null,
        null,
        null,
        null,
        null,
        null,
        null,
        null,
        null,
        null,
        1,
        1,
        1,
        1,
        null,
        null,
        null,
        null,
        null
      ],
      "/Users/hbranciforte/horacio/parking_mobile/webserver/spec/factories/devices.rb": [
        null,
        null,
        null,
        null,
        null,
        null,
        null,
        null,
        null,
        null,
        null,
        null,
        1,
        1,
        1,
        1,
        1,
        null,
        null,
        1,
        1,
        1,
        null,
        null
      ],
      "/Users/hbranciforte/horacio/parking_mobile/webserver/app/models/device.rb": [
        null,
        null,
        null,
        null,
        null,
        null,
        null,
        null,
        null,
        null,
        null,
        1,
        1,
        null,
        1,
        1,
        1,
        2,
        2,
        null
      ],
      "/Users/hbranciforte/horacio/parking_mobile/webserver/app/models/concerns/filterable.rb": [
        null,
        null,
        1,
        1,
        null,
        null,
        1,
        1,
        14,
        14,
        10,
        null,
        14,
        null,
        null,
        null
      ],
      "/Users/hbranciforte/horacio/parking_mobile/webserver/spec/factories/parkings.rb": [
        null,
        null,
        null,
        null,
        null,
        null,
        null,
        null,
        null,
        null,
        null,
        null,
        null,
        null,
        null,
        null,
        1,
        1,
        1,
        1,
        1,
        1,
        null,
        1,
        1,
        null,
        null,
        1,
        1,
        null,
        null,
        1,
        1,
        null,
        null,
        1,
        42,
        null,
        null,
        1,
        1,
        1,
        null,
        null,
        1,
        1,
        1,
        null,
        null,
        null
      ],
      "/Users/hbranciforte/horacio/parking_mobile/webserver/spec/factories/payments.rb": [
        null,
        null,
        null,
        null,
        null,
        null,
        null,
        null,
        null,
        null,
        null,
        null,
        null,
        null,
        null,
        null,
        1,
        1,
        1,
        1,
        1,
        1,
        null,
        null,
        null,
        1,
        1,
        1,
        1,
        1,
        1,
        1,
        1,
        null,
        1,
        1,
        null,
        null,
        1,
        1,
        null,
        null,
        1,
        1,
        null,
        1,
        1,
        null,
        null,
        1,
        1,
        1,
        null,
        null,
        null,
        null,
        1,
        1,
        1,
        1,
        null,
        null
      ],
      "/Users/hbranciforte/horacio/parking_mobile/webserver/app/models/payment.rb": [
        null,
        null,
        null,
        null,
        null,
        null,
        null,
        null,
        null,
        null,
        null,
        null,
        null,
        null,
        null,
        null,
        null,
        1,
        1,
        null,
        1,
        1,
        2,
        3,
        2,
        2,
        2,
        2,
        null
      ],
      "/Users/hbranciforte/horacio/parking_mobile/webserver/spec/factories/zones.rb": [
        null,
        null,
        null,
        null,
        null,
        null,
        null,
        null,
        null,
        null,
        null,
        null,
        null,
        1,
        1,
        1,
        1,
        1,
        1,
        null,
        null,
        1,
        1,
        1,
        1,
        1,
        null,
        null,
        1,
        1,
        1,
        1,
        1,
        null,
        null
      ],
      "/Users/hbranciforte/horacio/parking_mobile/webserver/app/models/zone.rb": [
        null,
        null,
        null,
        null,
        null,
        null,
        null,
        null,
        null,
        null,
        null,
        null,
        1,
        1,
        1,
        1,
        1,
        1,
        null,
        1,
        73,
        73,
        null,
        null,
        1,
        3,
        null,
        null
      ],
      "/Users/hbranciforte/horacio/parking_mobile/webserver/config/routes.rb": [
        1,
        1,
        1,
        1,
        1,
        null
      ],
      "/Users/hbranciforte/horacio/parking_mobile/webserver/app/helpers/application_helper.rb": [
        null,
        1,
        null
      ],
      "/Users/hbranciforte/horacio/parking_mobile/webserver/app/helpers/devices_helper.rb": [
        null,
        1,
        null
      ],
      "/Users/hbranciforte/horacio/parking_mobile/webserver/app/helpers/parkings_helper.rb": [
        null,
        1,
        null
      ],
      "/Users/hbranciforte/horacio/parking_mobile/webserver/app/helpers/payments_helper.rb": [
        null,
        1,
        null
      ],
      "/Users/hbranciforte/horacio/parking_mobile/webserver/app/helpers/zones_helper.rb": [
        null,
        1,
        null
      ],
      "/Users/hbranciforte/horacio/parking_mobile/webserver/app/controllers/devices_controller.rb": [
        null,
        1,
        1,
        3,
        3,
        null,
        null,
        1,
        1,
        1,
        null,
        null,
        1,
        4,
        2,
        2,
        null,
        null,
        1,
        2,
        2,
        null,
        null,
        1,
        null,
        1,
        2,
        null,
        null,
        1,
        2,
        null,
        null
      ],
      "/Users/hbranciforte/horacio/parking_mobile/webserver/app/controllers/application_controller.rb": [
        null,
        1,
        null,
        null,
        null,
        1,
        0,
        0,
        0,
        0,
        null,
        null,
        1,
        6,
        6,
        6,
        6,
        null,
        null
      ],
      "/Users/hbranciforte/horacio/parking_mobile/webserver/spec/controllers/parkings_controller_spec.rb": [
        1,
        null,
        1,
        1,
        null,
        null,
        null,
        null,
        null,
        null,
        null,
        null,
        null,
        null,
        null,
        null,
        null,
        null,
        null,
        null,
        null,
        2,
        null,
        null,
        1,
        1,
        1,
        1,
        1,
        1,
        1,
        1,
        null,
        null,
        null,
        null,
        null,
        null,
        null,
        null,
        null,
        null,
        1,
        1,
        1,
        null,
        null,
        null,
        1,
        1,
        1,
        1,
        1,
        1,
        null,
        null,
        1,
        1,
        1,
        4,
        1,
        1,
        null,
        1,
        null,
        null,
        1,
        2,
        null,
        1,
        1,
        1,
        null,
        null,
        null,
        null,
        1,
        1,
        1,
        null,
        null,
        null,
        1,
        1,
        1,
        null,
        null
      ],
      "/Users/hbranciforte/horacio/parking_mobile/webserver/app/controllers/parkings_controller.rb": [
        null,
        1,
        1,
        2,
        2,
        2,
        null,
        0,
        null,
        null,
        null,
        1,
        2,
        2,
        null,
        2,
        1,
        1,
        1,
        1,
        null,
        1,
        null,
        null,
        null,
        1,
        2,
        1,
        null,
        null,
        1,
        null,
        1,
        null,
        null,
        2,
        null,
        null,
        1,
        null,
        null,
        null,
        null,
        null,
        1,
        null,
        null
      ],
      "/Users/hbranciforte/horacio/parking_mobile/webserver/spec/controllers/payments_controller_spec.rb": [
        1,
        null,
        1,
        1,
        1,
        9,
        null,
        null,
        1,
        1,
        1,
        null,
        null,
        1,
        1,
        1,
        null,
        null,
        1,
        4,
        1,
        1,
        null,
        null,
        1,
        4,
        1,
        1,
        null,
        null,
        1,
        4,
        1,
        1,
        null,
        null,
        1,
        4,
        1,
        1,
        null,
        null,
        1,
        4,
        1,
        1,
        null,
        null,
        1,
        3,
        1,
        1,
        null,
        null,
        1,
        4,
        1,
        1,
        null,
        null,
        null,
        1,
        3,
        null,
        1,
        1,
        1,
        null,
        null,
        1,
        1,
        1,
        null,
        null,
        null,
        null,
        1,
        1,
        1,
        null,
        null,
        null
      ],
      "/Users/hbranciforte/horacio/parking_mobile/webserver/app/controllers/payments_controller.rb": [
        null,
        1,
        1,
        9,
        null,
        9,
        null,
        null,
        1,
        3,
        2,
        null,
        null
      ],
      "/Users/hbranciforte/horacio/parking_mobile/webserver/spec/controllers/zones_controller_spec.rb": [
        1,
        null,
        1,
        1,
        1,
        1,
        1,
        1,
        null,
        null,
        null,
        1,
        1,
        1,
        1,
        1,
        1,
        null,
        null,
        null,
        null,
        1,
        1,
        1,
        7,
        null,
        null,
        1,
        1,
        1,
        null,
        null,
        1,
        1,
        1,
        null,
        null,
        1,
        1,
        1,
        null,
        null,
        1,
        1,
        1,
        null,
        null,
        1,
        1,
        1,
        null,
        null,
        1,
        1,
        1,
        null,
        null,
        1,
        1,
        1,
        null,
        null,
        null,
        1,
        3,
        null,
        1,
        1,
        1,
        null,
        1,
        1,
        1,
        null,
        null,
        1,
        1,
        1,
        null,
        null,
        null,
        null
      ],
      "/Users/hbranciforte/horacio/parking_mobile/webserver/app/controllers/zones_controller.rb": [
        null,
        1,
        1,
        1,
        1,
        null,
        null,
        1,
        1,
        1,
        1,
        null,
        0,
        null,
        null,
        null,
        1,
        7,
        6,
        6,
        null,
        0,
        null,
        null,
        null,
        1,
        3,
        2,
        null,
        null,
        1,
        null,
        1,
        7,
        null,
        null
      ],
      "/Users/hbranciforte/horacio/parking_mobile/webserver/spec/helpers/devices_helper_spec.rb": [
        1,
        null,
        null,
        null,
        null,
        null,
        null,
        null,
        null,
        null,
        null,
        null,
        1,
        null
      ],
      "/Users/hbranciforte/horacio/parking_mobile/webserver/spec/helpers/parkings_helper_spec.rb": [
        1,
        null,
        null,
        null,
        null,
        null,
        null,
        null,
        null,
        null,
        null,
        null,
        1,
        null
      ],
      "/Users/hbranciforte/horacio/parking_mobile/webserver/spec/helpers/payments_helper_spec.rb": [
        1,
        null,
        null,
        null,
        null,
        null,
        null,
        null,
        null,
        null,
        null,
        null,
        1,
        null
      ],
      "/Users/hbranciforte/horacio/parking_mobile/webserver/spec/helpers/zones_helper_spec.rb": [
        1,
        null,
        null,
        null,
        null,
        null,
        null,
        null,
        null,
        null,
        null,
        null,
        1,
        null
      ],
      "/Users/hbranciforte/horacio/parking_mobile/webserver/spec/models/car_spec.rb": [
        null,
        null,
        null,
        null,
        null,
        null,
        null,
        null,
        null,
        null,
        1,
        null,
        1,
        1,
        1,
        1,
        1,
        null,
        null,
        1,
        1,
        1,
        null,
        null,
        1,
        1,
        null,
        null,
        1,
        1,
        null,
        null,
        1,
        1,
        null,
        null,
        1,
        1,
        null,
        null,
        null,
        null
      ],
      "/Users/hbranciforte/horacio/parking_mobile/webserver/spec/models/device_spec.rb": [
        null,
        null,
        null,
        null,
        null,
        null,
        null,
        null,
        null,
        null,
        null,
        null,
        1,
        null,
        1,
        1,
        null,
        null,
        3,
        null,
        null,
        1,
        1,
        1,
        1,
        null,
        null,
        null,
        1,
        1,
        1,
        1,
        1,
        1,
        1,
        null,
        null,
        1,
        1,
        1,
        1,
        1,
        1,
        null,
        null,
        null
      ],
      "/Users/hbranciforte/horacio/parking_mobile/webserver/spec/models/parking_spec.rb": [
        null,
        null,
        null,
        null,
        null,
        null,
        null,
        null,
        null,
        null,
        null,
        null,
        null,
        null,
        null,
        1,
        null,
        1,
        1,
        1,
        null,
        null,
        null,
        null,
        null,
        null,
        null,
        null,
        null,
        null,
        null,
        null,
        null,
        null,
        5,
        null,
        null,
        1,
        1,
        1,
        1,
        null,
        null,
        1,
        1,
        1,
        1,
        null,
        null,
        1,
        1,
        1,
        1,
        null,
        null,
        1,
        1,
        1,
        1,
        1,
        1,
        null,
        null,
        1,
        1,
        1,
        1,
        1,
        1,
        null,
        null,
        null,
        1,
        1,
        4,
        3,
        1,
        null,
        null,
        1,
        7,
        4,
        1,
        null,
        null,
        1,
        null,
        1,
        4,
        3,
        1,
        null,
        null,
        1,
        4,
        3,
        1,
        null,
        null,
        1,
        4,
        3,
        1,
        null,
        null,
        null,
        1,
        1,
        1,
        1,
        null,
        null,
        1,
        1,
        1,
        null,
        null,
        null
      ],
      "/Users/hbranciforte/horacio/parking_mobile/webserver/app/models/parking.rb": [
        null,
        null,
        null,
        null,
        null,
        null,
        null,
        null,
        null,
        null,
        null,
        null,
        null,
        null,
        null,
        null,
        1,
        1,
        1,
        1,
        1,
        1,
        1,
        null,
        3,
        1,
        3,
        2,
        2,
        null,
        1,
        1,
        1,
        1,
        null,
        1,
        null,
        1,
        48,
        48,
        null,
        null,
        1,
        0,
        null,
        null,
        1,
        2,
        null,
        null,
        1,
        null,
        1,
        0,
        null,
        null
      ],
      "/Users/hbranciforte/horacio/parking_mobile/webserver/spec/models/payment_spec.rb": [
        null,
        null,
        null,
        null,
        null,
        null,
        null,
        null,
        null,
        null,
        null,
        null,
        null,
        null,
        null,
        null,
        1,
        null,
        1,
        null
      ],
      "/Users/hbranciforte/horacio/parking_mobile/webserver/spec/models/zone_spec.rb": [
        null,
        null,
        null,
        null,
        null,
        null,
        null,
        null,
        null,
        null,
        null,
        null,
        null,
        1,
        null,
        1,
        1,
        1,
        1,
        1,
        1,
        1,
        null,
        null,
        1,
        1,
        1,
        1,
        null,
        null,
        null,
        1,
        1,
        1,
        1,
        null,
        null,
        null,
        null
      ],
      "/Users/hbranciforte/horacio/parking_mobile/webserver/app/serializers/parking_serializer.rb": [
        null,
        null,
        null,
        null,
        null,
        null,
        null,
        null,
        null,
        null,
        null,
        null,
        null,
        null,
        null,
        1,
        1,
        null,
        1,
        8,
        null,
        null,
        1,
        16,
        null,
        null,
        1,
        8,
        null,
        null,
        1,
        8,
        null,
        null
      ],
      "/Users/hbranciforte/horacio/parking_mobile/webserver/app/serializers/payment_serializer.rb": [
        null,
        null,
        null,
        null,
        null,
        null,
        null,
        null,
        null,
        null,
        null,
        null,
        null,
        null,
        null,
        null,
        1,
        1,
        null,
        null
      ]
    },
    "timestamp": 1433568938
  }
}
